{"level":"info","message":"Express server listening on port 3302...","timestamp":"2017-07-17T13:45:08.927Z"}
{"level":"info","message":"Express server listening on port 3302...","timestamp":"2017-07-17T14:22:42.667Z"}
{"level":"info","message":"Error in process reading file Error: ENOENT: no such file or directory, open 'D:\\public\\spa\\index.html'","timestamp":"2017-07-17T14:22:51.966Z"}
{"level":"info","message":"Express server listening on port 3302...","timestamp":"2017-07-17T14:23:27.613Z"}
{"level":"info","message":"Error in process reading file Error: ENOENT: no such file or directory, open 'D:\\Eugene\\public\\spa\\index.html'","timestamp":"2017-07-17T14:23:30.744Z"}
{"level":"info","message":"Error in process reading file Error: ENOENT: no such file or directory, open 'D:\\Eugene\\public\\spa\\index.html'","timestamp":"2017-07-17T14:23:31.921Z"}
{"level":"info","message":"Error in process reading file Error: ENOENT: no such file or directory, open 'D:\\Eugene\\public\\spa\\index.html'","timestamp":"2017-07-17T14:25:54.690Z"}
{"level":"info","message":"Express server listening on port 3302...","timestamp":"2017-07-17T14:29:28.072Z"}
{"level":"info","message":"Error in process reading file Error: ENOENT: no such file or directory, open 'D:\\public\\spa\\index.html'","timestamp":"2017-07-17T14:29:59.250Z"}
{"level":"info","message":"Error in process reading file Error: ENOENT: no such file or directory, open 'D:\\public\\spa\\index.html'","timestamp":"2017-07-17T14:30:00.490Z"}
{"level":"info","message":"Express server listening on port 3302...","timestamp":"2017-07-17T14:30:14.927Z"}
{"level":"info","message":"Express server listening on port 3302...","timestamp":"2017-07-17T14:33:27.084Z"}
{"level":"info","message":"Express server listening on port 3302...","timestamp":"2017-07-17T14:36:46.481Z"}
{"level":"info","message":"Express server listening on port 3302...","timestamp":"2017-07-17T14:41:33.133Z"}
{"level":"info","message":"Express server listening on port 3302...","timestamp":"2017-07-17T14:47:55.666Z"}
{"level":"info","message":"Express server listening on port 3302...","timestamp":"2017-07-17T20:44:17.934Z"}
{"level":"info","message":"Express server listening on port 3302...","timestamp":"2017-07-17T20:53:30.515Z"}
{"level":"info","message":"Express server listening on port 3302...","timestamp":"2017-07-17T20:54:17.449Z"}
{"level":"info","message":"Express server listening on port 3302...","timestamp":"2017-07-17T20:56:25.227Z"}
{"level":"info","message":"Express server listening on port 3302...","timestamp":"2017-07-17T21:01:31.832Z"}
{"level":"info","message":"Express server listening on port 3302...","timestamp":"2017-07-17T21:02:58.675Z"}
{"level":"info","message":"Express server listening on port 3302...","timestamp":"2017-07-17T21:04:25.420Z"}
{"level":"info","message":"Express server listening on port 3302...","timestamp":"2017-07-17T21:09:21.706Z"}
{"level":"info","message":"Express server listening on port 3302...","timestamp":"2017-07-17T21:12:56.504Z"}
{"level":"info","message":"Express server listening on port 3302...","timestamp":"2017-07-17T21:14:38.545Z"}
{"level":"info","message":"Express server listening on port 3302...","timestamp":"2017-07-17T22:32:05.293Z"}
{"level":"info","message":"Express server listening on port 3302...","timestamp":"2017-07-17T22:35:28.707Z"}
{"level":"info","message":"Express server listening on port 3302...","timestamp":"2017-07-17T22:36:31.225Z"}
{"level":"info","message":"Express server listening on port 3302...","timestamp":"2017-07-17T22:38:02.358Z"}
{"level":"info","message":"Express server listening on port 3302...","timestamp":"2017-07-17T22:38:20.311Z"}
{"level":"info","message":"Express server listening on port 3302...","timestamp":"2017-07-17T22:39:19.331Z"}
{"level":"info","message":"Express server listening on port 3302...","timestamp":"2017-07-17T22:40:05.552Z"}
{"level":"info","message":"Express server listening on port 3302...","timestamp":"2017-07-18T10:20:45.265Z"}
{"level":"info","message":"Express server listening on port 3302...","timestamp":"2017-07-18T10:28:48.295Z"}
{"level":"info","message":"Express server listening on port 3302...","timestamp":"2017-07-18T10:30:57.662Z"}
{"level":"info","message":"Express server listening on port 3302...","timestamp":"2017-07-18T10:50:15.399Z"}
{"level":"info","message":"Express server listening on port 3302...","timestamp":"2017-07-18T11:57:29.378Z"}
{"level":"info","message":"Express server listening on port 3302...","timestamp":"2017-07-18T11:58:52.220Z"}
{"level":"info","message":"Express server listening on port 3302...","timestamp":"2017-07-18T12:05:18.240Z"}
{"level":"info","message":"Express server listening on port 3302...","timestamp":"2017-07-18T12:06:04.359Z"}
{"level":"info","message":"Express server listening on port 3302...","timestamp":"2017-07-18T12:06:35.274Z"}
{"level":"info","message":"Express server listening on port 3302...","timestamp":"2017-07-18T12:09:30.289Z"}
{"level":"info","message":"Express server listening on port 3302...","timestamp":"2017-07-18T13:44:33.339Z"}
{"level":"info","message":"[MYSQL] Error connecting to mysql:Error: connect ETIMEDOUT","timestamp":"2017-07-18T13:45:43.234Z"}
{"level":"info","message":"Express server listening on port 3302...","timestamp":"2017-07-18T13:46:44.507Z"}
{"level":"info","message":"[MYSQL] Error connecting to mysql:Error: connect ETIMEDOUT","timestamp":"2017-07-18T13:46:57.668Z"}
{"level":"info","message":"Express server listening on port 3302...","timestamp":"2017-07-18T13:48:40.096Z"}
{"level":"info","message":"Express server listening on port 3302...","timestamp":"2017-07-18T13:49:06.509Z"}
{"level":"info","message":"Express server listening on port 3302...","timestamp":"2017-07-18T14:16:05.694Z"}
{"level":"info","message":"Some server error TypeError: config.get is not a function","timestamp":"2017-07-18T14:16:42.493Z"}
{"level":"info","message":"Express server listening on port 3302...","timestamp":"2017-07-18T14:40:52.316Z"}
{"level":"info","message":"Some server error TypeError: config.get is not a function","timestamp":"2017-07-18T14:41:42.000Z"}
{"level":"info","message":"Express server listening on port 3302...","timestamp":"2017-07-18T14:46:58.994Z"}
{"level":"info","message":"Some server error TypeError: config.get is not a function","timestamp":"2017-07-18T14:51:10.683Z"}
{"level":"info","message":"Express server listening on port 3302...","timestamp":"2017-07-18T14:52:04.198Z"}
{"level":"info","message":"Express server listening on port 3302...","timestamp":"2017-07-18T14:53:33.169Z"}
{"level":"info","message":"Express server listening on port 3302...","timestamp":"2017-07-18T14:53:41.128Z"}
{"level":"info","message":"Some server error TypeError: config.get is not a function","timestamp":"2017-07-18T14:53:45.795Z"}
{"level":"info","message":"Express server listening on port 3302...","timestamp":"2017-07-18T14:53:53.876Z"}
{"level":"info","message":"Express server listening on port 3302...","timestamp":"2017-07-18T14:54:31.703Z"}
{"level":"info","message":"Express server listening on port 3302...","timestamp":"2017-07-18T16:04:45.460Z"}
{"level":"info","message":"Express server listening on port 3302...","timestamp":"2017-07-18T16:16:25.542Z"}
{"level":"info","message":"Express server listening on port 3302...","timestamp":"2017-07-18T16:17:41.523Z"}
{"level":"info","message":"Express server listening on port 3302...","timestamp":"2017-07-18T16:18:08.918Z"}
{"level":"info","message":"Express server listening on port 3302...","timestamp":"2017-07-18T19:38:51.542Z"}
{"level":"info","message":"[MYSQL] Error connecting to mysql:Error: connect ETIMEDOUT","timestamp":"2017-07-18T19:39:31.867Z"}
{"level":"info","message":"Some server error Error: connect ETIMEDOUT","timestamp":"2017-07-18T19:39:31.872Z"}
{"level":"info","message":"Express server listening on port 3302...","timestamp":"2017-07-18T19:40:15.214Z"}
{"level":"info","message":"Express server listening on port 3302...","timestamp":"2017-07-18T20:14:10.872Z"}
{"level":"info","message":"Express server listening on port 3302...","timestamp":"2017-07-18T20:17:59.189Z"}
{"level":"info","message":"Express server listening on port 3302...","timestamp":"2017-07-18T20:21:28.523Z"}
{"level":"info","message":"Express server listening on port 3302...","timestamp":"2017-07-18T20:44:57.716Z"}
{"level":"info","message":"Express server listening on port 3302...","timestamp":"2017-07-19T07:35:21.531Z"}
{"level":"info","message":"Express server listening on port 3302...","timestamp":"2017-07-19T08:47:02.860Z"}
{"level":"info","message":"[MYSQL] Error connecting to mysql:Error: connect ETIMEDOUT","timestamp":"2017-07-19T08:47:37.117Z"}
{"level":"info","message":"Some server error Error: connect ETIMEDOUT","timestamp":"2017-07-19T08:47:37.119Z"}
{"level":"info","message":"Express server listening on port 3302...","timestamp":"2017-07-19T08:47:59.315Z"}
{"level":"info","message":"Express server listening on port 3302...","timestamp":"2017-07-19T08:50:13.940Z"}
{"level":"info","message":"Express server listening on port 3302...","timestamp":"2017-07-19T10:16:34.005Z"}
{"level":"info","message":"Express server listening on port 3302...","timestamp":"2017-07-19T10:39:13.011Z"}
{"level":"info","message":"Express server listening on port 3302...","timestamp":"2017-07-19T10:42:32.899Z"}
{"level":"info","message":"Express server listening on port 3302...","timestamp":"2017-07-19T10:42:43.361Z"}
{"level":"info","message":"Express server listening on port 3302...","timestamp":"2017-07-19T10:44:53.511Z"}
{"level":"info","message":"Express server listening on port 3302...","timestamp":"2017-07-19T10:45:37.755Z"}
{"level":"info","message":"Express server listening on port 3302...","timestamp":"2017-07-19T10:58:21.215Z"}
{"level":"info","message":"Express server listening on port 3302...","timestamp":"2017-07-19T11:04:03.384Z"}
{"level":"info","message":"Express server listening on port 3302...","timestamp":"2017-07-19T12:31:51.751Z"}
{"level":"info","message":"Express server listening on port 3302...","timestamp":"2017-07-19T12:35:50.286Z"}
{"level":"info","message":"Some server error Error: ER_BAD_FIELD_ERROR: Unknown column 'user_avatar' in 'field list'","timestamp":"2017-07-19T12:36:18.504Z"}
{"level":"info","message":"Some server error Error: ER_BAD_FIELD_ERROR: Unknown column 'user_avatar' in 'field list'","timestamp":"2017-07-19T12:36:18.511Z"}
{"level":"info","message":"Express server listening on port 3302...","timestamp":"2017-07-19T12:37:16.996Z"}
{"level":"info","message":"Express server listening on port 3302...","timestamp":"2017-07-19T12:58:36.004Z"}
{"level":"info","message":"Some server error ReferenceError: user is not defined","timestamp":"2017-07-19T12:58:36.078Z"}
{"level":"info","message":"Express server listening on port 3302...","timestamp":"2017-07-19T12:59:26.245Z"}
{"level":"info","message":"Express server listening on port 3302...","timestamp":"2017-07-19T13:03:39.473Z"}
{"level":"info","message":"Express server listening on port 3302...","timestamp":"2017-07-19T13:06:08.327Z"}
{"level":"info","message":"Some server error ReferenceError: path is not defined","timestamp":"2017-07-19T13:06:18.922Z"}
{"level":"info","message":"Some server error ReferenceError: path is not defined","timestamp":"2017-07-19T13:07:08.517Z"}
{"level":"info","message":"Express server listening on port 3302...","timestamp":"2017-07-19T13:08:19.625Z"}
{"level":"info","message":"Some server error Error: ENOENT: no such file or directory, open 'D:\\Eugene\\social\\publick\\avatar\\2png'","timestamp":"2017-07-19T13:09:23.589Z"}
{"level":"info","message":"Express server listening on port 3302...","timestamp":"2017-07-19T13:10:59.247Z"}
{"level":"info","message":"Express server listening on port 3302...","timestamp":"2017-07-19T13:12:43.434Z"}
{"level":"info","message":"Express server listening on port 3302...","timestamp":"2017-07-19T13:14:51.788Z"}
{"level":"info","message":"Express server listening on port 3302...","timestamp":"2017-07-19T13:17:01.136Z"}
{"level":"info","message":"Express server listening on port 3302...","timestamp":"2017-07-19T13:18:33.462Z"}
{"level":"info","message":"Express server listening on port 3302...","timestamp":"2017-07-19T13:19:17.622Z"}
{"level":"info","message":"Express server listening on port 3302...","timestamp":"2017-07-19T13:22:36.382Z"}
{"level":"info","message":"Express server listening on port 3302...","timestamp":"2017-07-19T13:25:26.928Z"}
{"level":"info","message":"[MYSQL] Error connecting to mysql:Error: connect ETIMEDOUT","timestamp":"2017-07-19T13:26:50.875Z"}
{"level":"info","message":"Express server listening on port 3302...","timestamp":"2017-07-19T13:27:46.145Z"}
{"level":"info","message":"Express server listening on port 3302...","timestamp":"2017-07-19T13:31:28.716Z"}
{"level":"info","message":"Express server listening on port 3302...","timestamp":"2017-07-19T13:34:20.587Z"}
{"level":"info","message":"Express server listening on port 3302...","timestamp":"2017-07-19T13:38:58.094Z"}
{"level":"info","message":"Express server listening on port 3302...","timestamp":"2017-07-19T13:42:37.468Z"}
{"level":"info","message":"Express server listening on port 3302...","timestamp":"2017-07-19T13:43:11.392Z"}
{"level":"info","message":"Express server listening on port 3302...","timestamp":"2017-07-19T13:45:38.940Z"}
{"level":"info","message":"Express server listening on port 3302...","timestamp":"2017-07-19T13:46:38.508Z"}
{"level":"info","message":"Express server listening on port 3302...","timestamp":"2017-07-19T13:48:32.315Z"}
{"level":"info","message":"Some server error Error: ER_PARSE_ERROR: You have an error in your SQL syntax; check the manual that corresponds to your MySQL server version for the right syntax to use near 'user_name='Seme', user_avatar_name='undefined' WHERE id=2' at line 1","timestamp":"2017-07-19T13:48:32.513Z"}
{"level":"info","message":"Express server listening on port 3302...","timestamp":"2017-07-19T13:48:39.522Z"}
{"level":"info","message":"Some server error Error: ER_PARSE_ERROR: You have an error in your SQL syntax; check the manual that corresponds to your MySQL server version for the right syntax to use near 'user_name='Seme', user_avatar_name='undefined' WHERE id=2' at line 1","timestamp":"2017-07-19T13:48:45.317Z"}
{"level":"info","message":"Express server listening on port 3302...","timestamp":"2017-07-19T13:49:15.279Z"}
{"level":"info","message":"Express server listening on port 3302...","timestamp":"2017-07-19T14:38:16.030Z"}
{"level":"info","message":"Express server listening on port 3302...","timestamp":"2017-07-19T14:40:34.403Z"}
{"level":"info","message":"Some server error Error: ER_PARSE_ERROR: You have an error in your SQL syntax; check the manual that corresponds to your MySQL server version for the right syntax to use near 'id=2' at line 1","timestamp":"2017-07-19T14:40:48.569Z"}
{"level":"info","message":"Express server listening on port 3302...","timestamp":"2017-07-19T14:41:03.539Z"}
{"level":"info","message":"Express server listening on port 3302...","timestamp":"2017-07-19T14:41:11.516Z"}
{"level":"info","message":"Some server error Error: ER_PARSE_ERROR: You have an error in your SQL syntax; check the manual that corresponds to your MySQL server version for the right syntax to use near 'user_name='Синди', user_age='7', user_avatar_name='undefined' WHERE id=2' at line 1","timestamp":"2017-07-19T14:41:15.311Z"}
{"level":"info","message":"Some server error Error: ER_PARSE_ERROR: You have an error in your SQL syntax; check the manual that corresponds to your MySQL server version for the right syntax to use near 'user_name='Синди', user_age='7', user_avatar_name='undefined' WHERE id=2' at line 1","timestamp":"2017-07-19T14:41:26.876Z"}
{"level":"info","message":"Express server listening on port 3302...","timestamp":"2017-07-19T14:41:33.823Z"}
{"level":"info","message":"Express server listening on port 3302...","timestamp":"2017-07-19T14:44:22.698Z"}
{"level":"info","message":"Express server listening on port 3302...","timestamp":"2017-07-19T14:53:17.563Z"}
{"level":"info","message":"Express server listening on port 3302...","timestamp":"2017-07-19T14:53:43.435Z"}
{"level":"info","message":"Express server listening on port 3302...","timestamp":"2017-07-19T14:54:20.024Z"}
{"level":"info","message":"Express server listening on port 3302...","timestamp":"2017-07-19T14:55:10.665Z"}
{"level":"info","message":"Express server listening on port 3302...","timestamp":"2017-07-19T14:55:16.810Z"}
{"level":"info","message":"Express server listening on port 3302...","timestamp":"2017-07-19T15:15:49.620Z"}
{"level":"info","message":"Express server listening on port 3302...","timestamp":"2017-07-19T15:17:19.501Z"}
{"level":"info","message":"Express server listening on port 3302...","timestamp":"2017-07-19T15:17:43.941Z"}
{"level":"info","message":"Express server listening on port 3302...","timestamp":"2017-07-19T16:24:30.321Z"}
{"level":"info","message":"Express server listening on port 3302...","timestamp":"2017-07-19T16:30:34.602Z"}
{"level":"info","message":"Some server error Error: ER_PARSE_ERROR: You have an error in your SQL syntax; check the manual that corresponds to your MySQL server version for the right syntax to use near 'TRUE' at line 1","timestamp":"2017-07-19T16:30:34.776Z"}
{"level":"info","message":"Express server listening on port 3302...","timestamp":"2017-07-19T16:30:59.528Z"}
{"level":"info","message":"Express server listening on port 3302...","timestamp":"2017-07-19T16:33:08.483Z"}
{"level":"info","message":"Express server listening on port 3302...","timestamp":"2017-07-19T16:33:44.803Z"}
{"level":"info","message":"Express server listening on port 3302...","timestamp":"2017-07-19T16:36:27.376Z"}
{"level":"info","message":"Express server listening on port 3302...","timestamp":"2017-07-19T16:36:58.590Z"}
